<?xml version="1.0" encoding="utf-8" standalone="no"?>
<!--This file represents the results of running a test suite-->
<test-results name="D:\Documents\Dev\C#\OSUDOM\src\TreeTest\..\..\bin\Debug\TreeTest\TreeTest.exe" total="9" failures="0" not-run="0" date="2009-02-04" time="14:53:35">
  <environment nunit-version="2.4.2.0" clr-version="2.0.50727.832" os-version="Microsoft Windows NT 5.1.2600 Service Pack 3" platform="Win32NT" cwd="D:\Documents\Dev\C#\OSUDOM\src\TreeTest" machine-name="T326-3661" user="8008" user-domain="ARENTHEEM" />
  <culture-info current-culture="nl-NL" current-uiculture="nl-NL" />
  <test-suite name="D:\Documents\Dev\C#\OSUDOM\src\TreeTest\..\..\bin\Debug\TreeTest\TreeTest.exe" success="True" time="0.297" asserts="0">
    <results>
      <test-suite name="TreeTest" success="True" time="0.281" asserts="0">
        <results>
          <test-suite name="LinkedListNodeTest" success="True" time="0.187" asserts="0">
            <results>
              <test-case name="TreeTest.LinkedListNodeTest.TestCreation" executed="True" success="True" time="0.109" asserts="0" />
              <test-case name="TreeTest.LinkedListNodeTest.TestHugeMultiCreation" executed="True" success="True" time="0.000" asserts="0" />
              <test-case name="TreeTest.LinkedListNodeTest.TestMergeHybrid" executed="True" success="True" time="0.000" asserts="0" />
              <test-case name="TreeTest.LinkedListNodeTest.TestMergeRings" executed="True" success="True" time="0.000" asserts="0" />
              <test-case name="TreeTest.LinkedListNodeTest.TestMergeSingles" executed="True" success="True" time="0.000" asserts="0" />
              <test-case name="TreeTest.LinkedListNodeTest.TestMultiCreation" executed="True" success="True" time="0.000" asserts="0" />
              <test-case name="TreeTest.LinkedListNodeTest.TestSingleCreation" executed="True" success="True" time="0.016" asserts="0" />
              <test-case name="TreeTest.LinkedListNodeTest.TestSplit" executed="True" success="True" time="0.000" asserts="0" />
              <test-case name="TreeTest.LinkedListNodeTest.TestTakeOut" executed="True" success="True" time="0.000" asserts="0" />
            </results>
          </test-suite>
        </results>
      </test-suite>
    </results>
  </test-suite>
</test-results>