<?xml version="1.0" encoding="utf-8" standalone="no"?>
<!--This file represents the results of running a test suite-->
<test-results name="L:\Documents\Dev\C#\OSUDOM\OSUDOM.nunit" total="21" errors="0" failures="0" not-run="0" ignored="0" skipped="0" invalid="0" date="2009-03-13" time="13:27:58">
  <environment nunit-version="2.5.0.9015" clr-version="2.0.50727.3053" os-version="Microsoft Windows NT 5.1.2600 Service Pack 3" platform="Win32NT" cwd="L:\PortableApps\NUnit\bin\net-2.0" machine-name="MARK-PC" user="Mark" user-domain="MARK-PC" />
  <culture-info current-culture="nl-NL" current-uiculture="nl-NL" />
  <test-suite name="L:\Documents\Dev\C#\OSUDOM\OSUDOM.nunit" executed="True" success="True" time="0.219" asserts="0">
    <results>
      <test-suite name="L:\Documents\Dev\C#\OSUDOM\bin\Debug\TreeCore\TreeCore.dll" executed="True" success="True" time="0.203" asserts="0">
        <results>
          <test-suite name="TreeCore" executed="True" success="True" time="0.188" asserts="0">
            <results>
              <test-suite name="Debug" executed="True" success="True" time="0.188" asserts="0">
                <results>
                  <test-suite name="LinkedListNodeTest" executed="True" success="True" time="0.078" asserts="0">
                    <results>
                      <test-case name="TreeCore.Debug.LinkedListNodeTest.TestCreation" executed="True" success="True" time="0.031" asserts="1">
                        <categories>
                          <category name="LinkedListNode" />
                        </categories>
                      </test-case>
                      <test-case name="TreeCore.Debug.LinkedListNodeTest.TestHugeMultiCreation" executed="True" success="True" time="0.000" asserts="100">
                        <categories>
                          <category name="LinkedListNode" />
                        </categories>
                      </test-case>
                      <test-case name="TreeCore.Debug.LinkedListNodeTest.TestJump" executed="True" success="True" time="0.000" asserts="1">
                        <categories>
                          <category name="LinkedListNode" />
                        </categories>
                      </test-case>
                      <test-case name="TreeCore.Debug.LinkedListNodeTest.TestMergeHybrid" executed="True" success="True" time="0.000" asserts="6">
                        <categories>
                          <category name="LinkedListNode" />
                        </categories>
                      </test-case>
                      <test-case name="TreeCore.Debug.LinkedListNodeTest.TestMergeRings" executed="True" success="True" time="0.000" asserts="10">
                        <categories>
                          <category name="LinkedListNode" />
                        </categories>
                      </test-case>
                      <test-case name="TreeCore.Debug.LinkedListNodeTest.TestMergeSingles" executed="True" success="True" time="0.000" asserts="4">
                        <categories>
                          <category name="LinkedListNode" />
                        </categories>
                      </test-case>
                      <test-case name="TreeCore.Debug.LinkedListNodeTest.TestMultiAdd" executed="True" success="True" time="0.016" asserts="5">
                        <categories>
                          <category name="LinkedListNode" />
                        </categories>
                      </test-case>
                      <test-case name="TreeCore.Debug.LinkedListNodeTest.TestSingleAdd" executed="True" success="True" time="0.000" asserts="2">
                        <categories>
                          <category name="LinkedListNode" />
                        </categories>
                      </test-case>
                      <test-case name="TreeCore.Debug.LinkedListNodeTest.TestSplitEnd" executed="True" success="True" time="0.000" asserts="2">
                        <categories>
                          <category name="LinkedListNode" />
                        </categories>
                      </test-case>
                      <test-case name="TreeCore.Debug.LinkedListNodeTest.TestSplitLenght" executed="True" success="True" time="0.000" asserts="2">
                        <categories>
                          <category name="LinkedListNode" />
                        </categories>
                      </test-case>
                      <test-case name="TreeCore.Debug.LinkedListNodeTest.TestSplitMiddle" executed="True" success="True" time="0.000" asserts="2">
                        <categories>
                          <category name="LinkedListNode" />
                        </categories>
                      </test-case>
                      <test-case name="TreeCore.Debug.LinkedListNodeTest.TestSplitZero" executed="True" success="True" time="0.000" asserts="2">
                        <categories>
                          <category name="LinkedListNode" />
                        </categories>
                      </test-case>
                    </results>
                  </test-suite>
                  <test-suite name="LinkedNodeListTest" executed="True" success="True" time="0.016" asserts="0">
                    <results>
                      <test-case name="TreeCore.Debug.LinkedNodeListTest.TestConstruct" executed="True" success="True" time="0.000" asserts="1" />
                      <test-case name="TreeCore.Debug.LinkedNodeListTest.TestMultiConstruct" executed="True" success="True" time="0.000" asserts="1" />
                      <test-case name="TreeCore.Debug.LinkedNodeListTest.TestSingleConstruct" executed="True" success="True" time="0.000" asserts="1" />
                    </results>
                  </test-suite>
                  <test-suite name="NodeListTest&lt;NodeList&gt;" executed="True" success="True" time="0.063" asserts="0">
                    <results>
                      <test-suite name="NodeListTest&lt;LinkedNodeList&gt;" executed="True" success="True" time="0.047" asserts="0">
                        <results>
                          <test-case name="TreeCore.Debug.NodeListTest`1[[TreeCore.LinkedNodeList, TreeCore, Version=0.1.1.24236, Culture=neutral, PublicKeyToken=null]].TestDoubleAdd" executed="True" success="True" time="0.000" asserts="1" />
                          <test-case name="TreeCore.Debug.NodeListTest`1[[TreeCore.LinkedNodeList, TreeCore, Version=0.1.1.24236, Culture=neutral, PublicKeyToken=null]].TestDoubleInsertion" executed="True" success="True" time="0.000" asserts="8" />
                          <test-case name="TreeCore.Debug.NodeListTest`1[[TreeCore.LinkedNodeList, TreeCore, Version=0.1.1.24236, Culture=neutral, PublicKeyToken=null]].TestMultiAdd" executed="True" success="True" time="0.000" asserts="1" />
                          <test-case name="TreeCore.Debug.NodeListTest`1[[TreeCore.LinkedNodeList, TreeCore, Version=0.1.1.24236, Culture=neutral, PublicKeyToken=null]].TestMultiInsertion" executed="True" success="True" time="0.031" asserts="8" />
                          <test-case name="TreeCore.Debug.NodeListTest`1[[TreeCore.LinkedNodeList, TreeCore, Version=0.1.1.24236, Culture=neutral, PublicKeyToken=null]].TestSingleAdd" executed="True" success="True" time="0.000" asserts="1" />
                          <test-case name="TreeCore.Debug.NodeListTest`1[[TreeCore.LinkedNodeList, TreeCore, Version=0.1.1.24236, Culture=neutral, PublicKeyToken=null]].TestSingleInsertion" executed="True" success="True" time="0.000" asserts="2" />
                        </results>
                      </test-suite>
                    </results>
                  </test-suite>
                </results>
              </test-suite>
            </results>
          </test-suite>
        </results>
      </test-suite>
    </results>
  </test-suite>
</test-results>