<?xml version="1.0" encoding="utf-8" standalone="no"?>
<!--This file represents the results of running a test suite-->
<test-results name="L:\Documents\Dev\C#\OSUDOM\OSUDOM.nunit" total="18" errors="0" failures="0" not-run="0" ignored="0" skipped="0" invalid="0" date="2009-02-22" time="17:50:25">
  <environment nunit-version="2.5.0.9015" clr-version="2.0.50727.3053" os-version="Microsoft Windows NT 5.1.2600 Service Pack 3" platform="Win32NT" cwd="L:\Documents\Dev\C#\OSUDOM" machine-name="MARK-PC" user="Mark" user-domain="MARK-PC" />
  <culture-info current-culture="nl-NL" current-uiculture="nl-NL" />
  <test-suite name="L:\Documents\Dev\C#\OSUDOM\OSUDOM.nunit" executed="True" success="True" time="1.250" asserts="0">
    <results>
      <test-suite name="L:\Documents\Dev\C#\OSUDOM\bin\Debug\TreeCore\TreeCore.dll" executed="True" success="True" time="1.219" asserts="0">
        <results>
          <test-suite name="TreeCore" executed="True" success="True" time="0.406" asserts="0">
            <results>
              <test-suite name="Debug" executed="True" success="True" time="0.391" asserts="0">
                <results>
                  <test-suite name="LinkedNodeListTest" executed="True" success="True" time="0.250" asserts="0">
                    <results>
                      <test-case name="TreeCore.Debug.LinkedNodeListTest.TestConstruct" executed="True" success="True" time="0.047" asserts="1" />
                      <test-case name="TreeCore.Debug.LinkedNodeListTest.TestMultiConstruct" executed="True" success="True" time="0.016" asserts="1" />
                      <test-case name="TreeCore.Debug.LinkedNodeListTest.TestSingleConstruct" executed="True" success="True" time="0.000" asserts="1" />
                    </results>
                  </test-suite>
                  <test-suite name="NodeListTest&lt;NodeList&gt;" executed="True" success="True" time="0.078" asserts="0">
                    <results>
                      <test-suite name="NodeListTest&lt;LinkedNodeList&gt;" executed="True" success="True" time="0.063" asserts="0">
                        <results>
                          <test-case name="TreeCore.Debug.NodeListTest`1[[TreeCore.LinkedNodeList, TreeCore, Version=0.1.1.32094, Culture=neutral, PublicKeyToken=null]].TestDoubleAdd" executed="True" success="True" time="0.016" asserts="1" />
                          <test-case name="TreeCore.Debug.NodeListTest`1[[TreeCore.LinkedNodeList, TreeCore, Version=0.1.1.32094, Culture=neutral, PublicKeyToken=null]].TestMultiAdd" executed="True" success="True" time="0.016" asserts="1" />
                          <test-case name="TreeCore.Debug.NodeListTest`1[[TreeCore.LinkedNodeList, TreeCore, Version=0.1.1.32094, Culture=neutral, PublicKeyToken=null]].TestSingleAdd" executed="True" success="True" time="0.000" asserts="1" />
                        </results>
                      </test-suite>
                    </results>
                  </test-suite>
                </results>
              </test-suite>
            </results>
          </test-suite>
          <test-suite name="TreeTest" executed="True" success="True" time="0.813" asserts="0">
            <results>
              <test-suite name="LinkedListNodeTest" executed="True" success="True" time="0.656" asserts="0">
                <results>
                  <test-case name="TreeTest.LinkedListNodeTest.TestCreation" executed="True" success="True" time="0.016" asserts="1">
                    <categories>
                      <category name="LinkedListNode" />
                    </categories>
                  </test-case>
                  <test-case name="TreeTest.LinkedListNodeTest.TestHugeMultiCreation" executed="True" success="True" time="0.000" asserts="100">
                    <categories>
                      <category name="LinkedListNode" />
                    </categories>
                  </test-case>
                  <test-case name="TreeTest.LinkedListNodeTest.TestJump" executed="True" success="True" time="0.000" asserts="1">
                    <categories>
                      <category name="LinkedListNode" />
                    </categories>
                  </test-case>
                  <test-case name="TreeTest.LinkedListNodeTest.TestMergeHybrid" executed="True" success="True" time="0.000" asserts="6">
                    <categories>
                      <category name="LinkedListNode" />
                    </categories>
                  </test-case>
                  <test-case name="TreeTest.LinkedListNodeTest.TestMergeRings" executed="True" success="True" time="0.000" asserts="10">
                    <categories>
                      <category name="LinkedListNode" />
                    </categories>
                  </test-case>
                  <test-case name="TreeTest.LinkedListNodeTest.TestMergeSingles" executed="True" success="True" time="0.000" asserts="4">
                    <categories>
                      <category name="LinkedListNode" />
                    </categories>
                  </test-case>
                  <test-case name="TreeTest.LinkedListNodeTest.TestMultiAdd" executed="True" success="True" time="0.000" asserts="5">
                    <categories>
                      <category name="LinkedListNode" />
                    </categories>
                  </test-case>
                  <test-case name="TreeTest.LinkedListNodeTest.TestSingleAdd" executed="True" success="True" time="0.016" asserts="2">
                    <categories>
                      <category name="LinkedListNode" />
                    </categories>
                  </test-case>
                  <test-case name="TreeTest.LinkedListNodeTest.TestSplitEnd" executed="True" success="True" time="0.000" asserts="2">
                    <categories>
                      <category name="LinkedListNode" />
                    </categories>
                  </test-case>
                  <test-case name="TreeTest.LinkedListNodeTest.TestSplitLenght" executed="True" success="True" time="0.000" asserts="2">
                    <categories>
                      <category name="LinkedListNode" />
                    </categories>
                  </test-case>
                  <test-case name="TreeTest.LinkedListNodeTest.TestSplitMiddle" executed="True" success="True" time="0.000" asserts="2">
                    <categories>
                      <category name="LinkedListNode" />
                    </categories>
                  </test-case>
                  <test-case name="TreeTest.LinkedListNodeTest.TestSplitZero" executed="True" success="True" time="0.000" asserts="2">
                    <categories>
                      <category name="LinkedListNode" />
                    </categories>
                  </test-case>
                </results>
              </test-suite>
            </results>
          </test-suite>
        </results>
      </test-suite>
    </results>
  </test-suite>
</test-results>