<?xml version="1.0" encoding="utf-8" standalone="no"?>
<!--This file represents the results of running a test suite-->
<test-results name="L:\Documents\Dev\C#\OSUDOM\OSUDOM.nunit" total="1" failures="1" not-run="0" date="2009-02-05" time="12:44:24">
  <environment nunit-version="2.4.8.0" clr-version="2.0.50727.3053" os-version="Microsoft Windows NT 5.1.2600 Service Pack 3" platform="Win32NT" cwd="L:\Documents\Dev\C#\OSUDOM\bin\Release\TreeCore" machine-name="MARK-PC" user="Mark" user-domain="MARK-PC" />
  <culture-info current-culture="nl-NL" current-uiculture="nl-NL" />
  <test-suite name="L:\Documents\Dev\C#\OSUDOM\OSUDOM.nunit" success="False" time="0.125" asserts="0">
    <results>
      <test-suite name="L:\Documents\Dev\C#\OSUDOM\bin\Debug\TreeCore\TreeCore.dll" success="False" time="0.125" asserts="0">
        <results>
          <test-suite name="TreeTest" success="False" time="0.125" asserts="0">
            <results>
              <test-suite name="LinkedListNodeTest" success="False" time="0.078" asserts="0">
                <results>
                  <test-case name="TreeTest.LinkedListNodeTest.TestSplit" executed="True" success="False" time="0.063" asserts="2">
                    <failure>
                      <message><![CDATA[  Expected: 5
  But was:  6
]]></message>
                      <stack-trace><![CDATA[bij TreeTest.LinkedListNodeTest.TestSplit() in L:\Documents\Dev\C#\OSUDOM\src\TreeCore\Debug\LinkedListNodeTest.cs:regel 118
]]></stack-trace>
                    </failure>
                  </test-case>
                </results>
              </test-suite>
            </results>
          </test-suite>
        </results>
      </test-suite>
    </results>
  </test-suite>
</test-results>