<?xml version="1.0" encoding="utf-8" standalone="no"?>
<!--This file represents the results of running a test suite-->
<test-results name="L:\Documents\Dev\C#\OSUDOM\OSUDOM.nunit" total="1" errors="0" failures="0" not-run="0" ignored="0" skipped="0" invalid="0" date="2009-02-23" time="16:56:22">
  <environment nunit-version="2.5.0.9015" clr-version="2.0.50727.3053" os-version="Microsoft Windows NT 5.1.2600 Service Pack 3" platform="Win32NT" cwd="L:\PortableApps\NUnit\bin\net-2.0" machine-name="MARK-PC" user="Mark" user-domain="MARK-PC" />
  <culture-info current-culture="nl-NL" current-uiculture="nl-NL" />
  <test-suite name="L:\Documents\Dev\C#\OSUDOM\OSUDOM.nunit" executed="True" success="True" time="15.453" asserts="0">
    <results>
      <test-suite name="L:\Documents\Dev\C#\OSUDOM\bin\Debug\TreeCore\TreeCore.dll" executed="True" success="True" time="15.438" asserts="0">
        <results>
          <test-suite name="TreeCore" executed="True" success="True" time="15.438" asserts="0">
            <results>
              <test-suite name="Debug" executed="True" success="True" time="15.438" asserts="0">
                <results>
                  <test-suite name="NodeListTest&lt;NodeList&gt;" executed="True" success="True" time="15.438" asserts="0">
                    <results>
                      <test-suite name="NodeListTest&lt;LinkedNodeList&gt;" executed="True" success="True" time="15.422" asserts="0">
                        <results>
                          <test-case name="TreeCore.Debug.NodeListTest`1[[TreeCore.LinkedNodeList, TreeCore, Version=0.1.1.30306, Culture=neutral, PublicKeyToken=null]].MaxAddTest" executed="True" success="True" time="15.406" asserts="20003">
                            <categories>
                              <category name="Performance" />
                            </categories>
                          </test-case>
                        </results>
                      </test-suite>
                    </results>
                  </test-suite>
                </results>
              </test-suite>
            </results>
          </test-suite>
        </results>
      </test-suite>
    </results>
  </test-suite>
</test-results>